ACRO_LOCKING
ACRO_PITCH_RATE
ACRO_ROLL_RATE
ADSB_ENABLE
AFS_ENABLE
AHRS_COMP_BETA
AHRS_EKF_TYPE
AHRS_GPS_GAIN
AHRS_GPS_MINSATS
AHRS_GPS_USE
AHRS_ORIENTATION
AHRS_RP_P
AHRS_TRIM_X
AHRS_TRIM_Y
AHRS_TRIM_Z
AHRS_WIND_MAX
AHRS_YAW_P
ALT_CTRL_ALG
ALT_HOLD_FBWCM
ALT_HOLD_RTL
ALT_OFFSET
ARMING_ACCTHRESH
ARMING_CHECK
ARMING_REQUIRE
ARMING_RUDDER
ARMING_VOLT2_MIN
ARMING_VOLT_MIN
ARSPD_AUTOCAL
ARSPD_BUS
ARSPD_FBW_MAX
ARSPD_FBW_MIN
ARSPD_OFFSET
ARSPD_PIN
ARSPD_PSI_RANGE
ARSPD_RATIO
ARSPD_SKIP_CAL
ARSPD_TUBE_ORDER
ARSPD_TYPE
ARSPD_USE
AUTO_FBW_STEER
AUTOTUNE_LEVEL
AVD_ENABLE
BATT2_AMP_OFFSET
BATT2_AMP_PERVOL
BATT2_CAPACITY
BATT2_CURR_PIN
BATT2_MONITOR
BATT2_SERIAL_NUM
BATT2_VOLT_MULT
BATT2_VOLT_PIN
BATT2_WATT_MAX
BATT_AMP_OFFSET
BATT_AMP_PERVOLT
BATT_CAPACITY
BATT_CURR_PIN
BATT_LOW_TIMER
BATT_LOW_TYPE
BATT_MONITOR
BATT_SERIAL_NUM
BATT_VOLT_MULT
BATT_VOLT_PIN
BATT_WATT_MAX
BRD_IMU_TARGTEMP
BRD_IO_ENABLE
BRD_PWM_COUNT
BRD_SAFETY_MASK
BRD_SAFETYENABLE
BRD_SBUS_OUT
BRD_SER1_RTSCTS
BRD_SER2_RTSCTS
BRD_SERIAL_NUM
BRD_TYPE
BTN_ENABLE
CAM_DURATION
CAM_FEEDBACK_PIN
CAM_FEEDBACK_POL
CAM_MAX_ROLL
CAM_MIN_INTERVAL
CAM_RELAY_ON
CAM_SERVO_OFF
CAM_SERVO_ON
CAM_TRIGG_DIST
CAM_TRIGG_TYPE
CAN_D1_PROTOCOL
CAN_D2_PROTOCOL
CAN_P1_DRIVER
CAN_P2_DRIVER
CHUTE_CHAN
CHUTE_ENABLED
COMPASS_AUTODEC